<?xml version="1.0" encoding="UTF-8"?>
<testsuites name="Amazon_Registration_SAT_TS" time="26.125" tests="1" failures="0" errors="0">
   <testsuite name="Amazon_Registration_SAT_TS" tests="1" failures="0" errors="0" time="26.125" skipped="0" timestamp="24-01-2024T21:31:09" hostname="hriti - HRITIK" id="Test Suites/Amazon_Registration_SAT_TS">
      <properties>
         <property name="deviceName" value=""/>
         <property name="devicePlatform" value=""/>
         <property name="logFolder" value="C:\\Users\\hriti\\Katalon Studio\\Amazon_Application_testing\\Reports\\20240124_212855\\Amazon_Registration_SAT_TS\\20240124_212856"/>
         <property name="logFiles" value="C:\\Users\\hriti\\Katalon Studio\\Amazon_Application_testing\\Reports\\20240124_212855\\Amazon_Registration_SAT_TS\\20240124_212856\\execution0.log"/>
         <property name="attachments" value=""/>
         <property name="hostName" value="hriti - HRITIK"/>
         <property name="os" value="Windows 11 64bit"/>
         <property name="katalonVersion" value="9.2.0.212"/>
         <property name="browser" value="Chrome 121.0.0.0"/>
         <property name="hostAddress" value="192.168.43.126"/>
         <property name="sessionId" value="d0a6ee2f42a31d7a1196be1cd2e0f9f2"/>
         <property name="seleniumVersion" value="3.141.59"/>
         <property name="proxyInformation" value="ProxyInformation { proxyOption=NO_PROXY, proxyServerType=HTTP, username=, password=********, proxyServerAddress=, proxyServerPort=0, executionList=&quot;&quot;, isApplyToDesiredCapabilities=true }"/>
         <property name="platform" value="Windows 11"/>
      </properties>
      <testcase name="Test Cases/TC_Amazon_Registration_009" time="14.453" classname="Test Cases/TC_Amazon_Registration_009" status="PASSED">
         <system-out><![CDATA[24-01-2024T21:31:21 - [TEST_CASE][PASSED] - Test Cases/TC_Amazon_Registration_009: Test Cases/TC_Amazon_Registration_009

24-01-2024T21:31:21 - [TEST_STEP][PASSED] - click(findTestObject("Object Repository/Amazon_Registration_SAT_OR/Page_Amazon.com. Spend less. Smile more/span_Hello, sign in")): Object: 'Object Repository/Amazon_Registration_SAT_OR/Page_Amazon.com. Spend less. Smile more/span_Hello, sign in' is clicked on

24-01-2024T21:31:26 - [MESSAGE][PASSED] - Object: 'Object Repository/Amazon_Registration_SAT_OR/Page_Amazon.com. Spend less. Smile more/span_Hello, sign in' is clicked on

24-01-2024T21:31:26 - [TEST_STEP][PASSED] - click(findTestObject("Object Repository/Amazon_Registration_SAT_OR/Page_Amazon Sign-In/a_Create your Amazon account")): Object: 'Object Repository/Amazon_Registration_SAT_OR/Page_Amazon Sign-In/a_Create your Amazon account' is clicked on

24-01-2024T21:31:29 - [MESSAGE][PASSED] - Object: 'Object Repository/Amazon_Registration_SAT_OR/Page_Amazon Sign-In/a_Create your Amazon account' is clicked on

24-01-2024T21:31:29 - [TEST_STEP][PASSED] - setText(findTestObject("Object Repository/Amazon_Registration_SAT_OR/Page_Amazon Registration/input_customerName"), "Rohan"): Text 'Rohan' is set on object 'Object Repository/Amazon_Registration_SAT_OR/Page_Amazon Registration/input_customerName'

24-01-2024T21:31:30 - [MESSAGE][PASSED] - Text 'Rohan' is set on object 'Object Repository/Amazon_Registration_SAT_OR/Page_Amazon Registration/input_customerName'

24-01-2024T21:31:30 - [TEST_STEP][PASSED] - setText(findTestObject("Object Repository/Amazon_Registration_SAT_OR/Page_Amazon Registration/input_email"), "kotar91449@trackden.com"): Text 'kotar91449@trackden.com' is set on object 'Object Repository/Amazon_Registration_SAT_OR/Page_Amazon Registration/input_email'

24-01-2024T21:31:31 - [MESSAGE][PASSED] - Text 'kotar91449@trackden.com' is set on object 'Object Repository/Amazon_Registration_SAT_OR/Page_Amazon Registration/input_email'

24-01-2024T21:31:31 - [TEST_STEP][PASSED] - setEncryptedText(findTestObject("Object Repository/Amazon_Registration_SAT_OR/Page_Amazon Registration/input_password"), "qeJ0sjJnwEs="): Text ****** has been set on object 'Object Repository/Amazon_Registration_SAT_OR/Page_Amazon Registration/input_password'

24-01-2024T21:31:31 - [MESSAGE][PASSED] - Text ****** has been set on object 'Object Repository/Amazon_Registration_SAT_OR/Page_Amazon Registration/input_password'

24-01-2024T21:31:31 - [TEST_STEP][PASSED] - setEncryptedText(findTestObject("Object Repository/Amazon_Registration_SAT_OR/Page_Amazon Registration/input_passwordCheck"), "qeJ0sjJnwEs="): Text ****** has been set on object 'Object Repository/Amazon_Registration_SAT_OR/Page_Amazon Registration/input_passwordCheck'

24-01-2024T21:31:32 - [MESSAGE][PASSED] - Text ****** has been set on object 'Object Repository/Amazon_Registration_SAT_OR/Page_Amazon Registration/input_passwordCheck'

24-01-2024T21:31:32 - [TEST_STEP][PASSED] - click(findTestObject("Object Repository/Amazon_Registration_SAT_OR/Page_Amazon Registration/inputcontinue")): Object: 'Object Repository/Amazon_Registration_SAT_OR/Page_Amazon Registration/inputcontinue' is clicked on

24-01-2024T21:31:35 - [MESSAGE][PASSED] - Object: 'Object Repository/Amazon_Registration_SAT_OR/Page_Amazon Registration/inputcontinue' is clicked on]]></system-out>
         <system-err><![CDATA[]]></system-err>
      </testcase>
      <system-out><![CDATA[24-01-2024T21:31:09 - [TEST_SUITE][PASSED] - Amazon_Registration_SAT_TS: Test Cases/TC_Amazon_Registration_009]]></system-out>
      <system-err><![CDATA[]]></system-err>
   </testsuite>
</testsuites>
