<?xml version="1.0" encoding="UTF-8"?>
<testsuites name="Amazon_Checkbox_TS" time="41.149" tests="1" failures="0" errors="0">
   <testsuite name="Amazon_Checkbox_TS" tests="1" failures="0" errors="0" time="41.149" skipped="0" timestamp="24-01-2024T21:57:13" hostname="hriti - HRITIK" id="Test Suites/Amazon_Checkbox_TS">
      <properties>
         <property name="deviceName" value=""/>
         <property name="devicePlatform" value=""/>
         <property name="logFolder" value="C:\\Users\\hriti\\Katalon Studio\\Amazon_Application_testing\\Reports\\20240124_215459\\Amazon_Checkbox_TS\\20240124_215500"/>
         <property name="logFiles" value="C:\\Users\\hriti\\Katalon Studio\\Amazon_Application_testing\\Reports\\20240124_215459\\Amazon_Checkbox_TS\\20240124_215500\\execution0.log"/>
         <property name="attachments" value=""/>
         <property name="hostName" value="hriti - HRITIK"/>
         <property name="os" value="Windows 11 64bit"/>
         <property name="katalonVersion" value="9.2.0.212"/>
         <property name="browser" value="Chrome 121.0.0.0"/>
         <property name="hostAddress" value="192.168.43.126"/>
         <property name="sessionId" value="706357139b8f1fc895f1fbe3bdc24206"/>
         <property name="seleniumVersion" value="3.141.59"/>
         <property name="proxyInformation" value="ProxyInformation { proxyOption=NO_PROXY, proxyServerType=HTTP, username=, password=********, proxyServerAddress=, proxyServerPort=0, executionList=&quot;&quot;, isApplyToDesiredCapabilities=true }"/>
         <property name="platform" value="Windows 11"/>
      </properties>
      <testcase name="Test Cases/TC_Amazon_Checkbox_007" time="40.956" classname="Test Cases/TC_Amazon_Checkbox_007" status="PASSED">
         <system-out><![CDATA[24-01-2024T21:57:13 - [TEST_CASE][PASSED] - Test Cases/TC_Amazon_Checkbox_007: Test Cases/TC_Amazon_Checkbox_007

24-01-2024T21:57:13 - [TEST_STEP][PASSED] - Start listener action : sampleBeforeTestCase: Navigate to 'https://www.amazon.com/' successfully

24-01-2024T21:57:13 - [TEST_STEP][PASSED] - println(testCaseContext.getTestCaseId()): null

24-01-2024T21:57:13 - [TEST_STEP][PASSED] - openBrowser(""): Browser is opened with url: ''

24-01-2024T21:57:13 - [MESSAGE][INFO] - Starting 'Chrome' driver

24-01-2024T21:57:13 - [MESSAGE][INFO] - Action delay is set to 0 milliseconds

24-01-2024T21:57:15 - [MESSAGE][PASSED] - Browser is opened with url: ''

24-01-2024T21:57:15 - [TEST_STEP][PASSED] - navigateToUrl("https://www.amazon.com/"): Navigate to 'https://www.amazon.com/' successfully

24-01-2024T21:57:19 - [MESSAGE][PASSED] - Navigate to 'https://www.amazon.com/' successfully

24-01-2024T21:57:19 - [TEST_STEP][PASSED] - openBrowser(""): Browser is opened with url: ''

24-01-2024T21:57:19 - [MESSAGE][WARNING] - A browser is already opened. Closing browser and opening a new one

24-01-2024T21:57:19 - [MESSAGE][INFO] - Starting 'Chrome' driver

24-01-2024T21:57:19 - [MESSAGE][INFO] - Action delay is set to 0 milliseconds

24-01-2024T21:57:20 - [MESSAGE][PASSED] - Browser is opened with url: ''

24-01-2024T21:57:20 - [TEST_STEP][PASSED] - navigateToUrl("https://www.amazon.com/"): Navigate to 'https://www.amazon.com/' successfully

24-01-2024T21:57:24 - [MESSAGE][PASSED] - Navigate to 'https://www.amazon.com/' successfully

24-01-2024T21:57:24 - [TEST_STEP][PASSED] - click(findTestObject("Object Repository/Amazon_Checkbox_OR/Page_Amazon.com. Spend less. Smile more/span_Hello, sign in")): Object: 'Object Repository/Amazon_Checkbox_OR/Page_Amazon.com. Spend less. Smile more/span_Hello, sign in' is clicked on

24-01-2024T21:57:38 - [MESSAGE][PASSED] - Object: 'Object Repository/Amazon_Checkbox_OR/Page_Amazon.com. Spend less. Smile more/span_Hello, sign in' is clicked on

24-01-2024T21:57:38 - [TEST_STEP][PASSED] - setText(findTestObject("Object Repository/Amazon_Checkbox_OR/Page_Amazon Sign-In/input_email"), "bhritik39@gmail.com"): Text 'bhritik39@gmail.com' is set on object 'Object Repository/Amazon_Checkbox_OR/Page_Amazon Sign-In/input_email'

24-01-2024T21:57:39 - [MESSAGE][PASSED] - Text 'bhritik39@gmail.com' is set on object 'Object Repository/Amazon_Checkbox_OR/Page_Amazon Sign-In/input_email'

24-01-2024T21:57:39 - [TEST_STEP][PASSED] - click(findTestObject("Object Repository/Amazon_Checkbox_OR/Page_Amazon Sign-In/inputcontinue")): Object: 'Object Repository/Amazon_Checkbox_OR/Page_Amazon Sign-In/inputcontinue' is clicked on

24-01-2024T21:57:41 - [MESSAGE][PASSED] - Object: 'Object Repository/Amazon_Checkbox_OR/Page_Amazon Sign-In/inputcontinue' is clicked on

24-01-2024T21:57:41 - [TEST_STEP][PASSED] - setEncryptedText(findTestObject("Object Repository/Amazon_Checkbox_OR/Page_Amazon Sign-In/input_password"), "aeHFOx8jV/A="): Text ****** has been set on object 'Object Repository/Amazon_Checkbox_OR/Page_Amazon Sign-In/input_password'

24-01-2024T21:57:42 - [MESSAGE][PASSED] - Text ****** has been set on object 'Object Repository/Amazon_Checkbox_OR/Page_Amazon Sign-In/input_password'

24-01-2024T21:57:42 - [TEST_STEP][PASSED] - click(findTestObject("Object Repository/Amazon_Checkbox_OR/Page_Amazon Sign-In/inputsignInSubmit")): Object: 'Object Repository/Amazon_Checkbox_OR/Page_Amazon Sign-In/inputsignInSubmit' is clicked on

24-01-2024T21:57:42 - [MESSAGE][PASSED] - Object: 'Object Repository/Amazon_Checkbox_OR/Page_Amazon Sign-In/inputsignInSubmit' is clicked on

24-01-2024T21:57:42 - [TEST_STEP][PASSED] - click(findTestObject("Object Repository/Amazon_Checkbox_OR/Page_Amazon.com Shopping Cart/span_8")): Object: 'Object Repository/Amazon_Checkbox_OR/Page_Amazon.com Shopping Cart/span_8' is clicked on

24-01-2024T21:57:50 - [MESSAGE][PASSED] - Object: 'Object Repository/Amazon_Checkbox_OR/Page_Amazon.com Shopping Cart/span_8' is clicked on

24-01-2024T21:57:50 - [TEST_STEP][PASSED] - click(findTestObject("Object Repository/Amazon_Checkbox_OR/Page_Amazon.com Shopping Cart/i_a-icon a-icon-checkbox")): Object: 'Object Repository/Amazon_Checkbox_OR/Page_Amazon.com Shopping Cart/i_a-icon a-icon-checkbox' is clicked on

24-01-2024T21:57:51 - [MESSAGE][PASSED] - Object: 'Object Repository/Amazon_Checkbox_OR/Page_Amazon.com Shopping Cart/i_a-icon a-icon-checkbox' is clicked on

24-01-2024T21:57:51 - [TEST_STEP][PASSED] - click(findTestObject("Object Repository/Amazon_Checkbox_OR/Page_Amazon.com Shopping Cart/i_a-icon a-icon-checkbox_1")): Object: 'Object Repository/Amazon_Checkbox_OR/Page_Amazon.com Shopping Cart/i_a-icon a-icon-checkbox_1' is clicked on

24-01-2024T21:57:54 - [MESSAGE][PASSED] - Object: 'Object Repository/Amazon_Checkbox_OR/Page_Amazon.com Shopping Cart/i_a-icon a-icon-checkbox_1' is clicked on

24-01-2024T21:57:54 - [TEST_STEP][PASSED] - closeBrowser(): Browser is closed

24-01-2024T21:57:54 - [MESSAGE][PASSED] - Browser is closed

24-01-2024T21:57:54 - [TEST_STEP][PASSED] - Start listener action : sampleAfterTestCase: null

24-01-2024T21:57:54 - [TEST_STEP][PASSED] - closeBrowser(): Browser is closed

24-01-2024T21:57:54 - [MESSAGE][PASSED] - Browser is closed

24-01-2024T21:57:54 - [TEST_STEP][PASSED] - println(testCaseContext.getTestCaseStatus()): null]]></system-out>
         <system-err><![CDATA[]]></system-err>
      </testcase>
      <system-out><![CDATA[24-01-2024T21:57:13 - [TEST_SUITE][PASSED] - Amazon_Checkbox_TS: Test Cases/TC_Amazon_Checkbox_007]]></system-out>
      <system-err><![CDATA[]]></system-err>
   </testsuite>
</testsuites>
