<?xml version="1.0" encoding="UTF-8"?>
<testsuites name="Amazon_Setup_Teardown_TS" time="60.509" tests="2" failures="0" errors="0">
   <testsuite name="Amazon_Setup_Teardown_TS" tests="2" failures="0" errors="0" time="60.509" skipped="0" timestamp="24-01-2024T21:19:19" hostname="hriti - HRITIK" id="Test Suites/Amazon_Setup_Teardown_TS">
      <properties>
         <property name="deviceName" value=""/>
         <property name="devicePlatform" value=""/>
         <property name="logFolder" value="C:\\Users\\hriti\\Katalon Studio\\Amazon_Application_testing\\Reports\\20240124_211705\\Amazon_Setup_Teardown_TS\\20240124_211706"/>
         <property name="logFiles" value="C:\\Users\\hriti\\Katalon Studio\\Amazon_Application_testing\\Reports\\20240124_211705\\Amazon_Setup_Teardown_TS\\20240124_211706\\execution0.log"/>
         <property name="attachments" value=""/>
         <property name="hostName" value="hriti - HRITIK"/>
         <property name="os" value="Windows 11 64bit"/>
         <property name="katalonVersion" value="9.2.0.212"/>
         <property name="browser" value="Chrome 121.0.0.0"/>
         <property name="hostAddress" value="192.168.43.126"/>
         <property name="sessionId" value="48c0ef155c8091b6d931e974fa2e8d9f"/>
         <property name="seleniumVersion" value="3.141.59"/>
         <property name="proxyInformation" value="ProxyInformation { proxyOption=NO_PROXY, proxyServerType=HTTP, username=, password=********, proxyServerAddress=, proxyServerPort=0, executionList=&quot;&quot;, isApplyToDesiredCapabilities=true }"/>
         <property name="platform" value="Windows 11"/>
      </properties>
      <testcase name="Test Cases/TC_Amazon_Login_008" time="16.978" classname="Test Cases/TC_Amazon_Login_008" status="PASSED">
         <system-out><![CDATA[24-01-2024T21:19:36 - [TEST_CASE][PASSED] - Test Cases/TC_Amazon_Login_008: Test Cases/TC_Amazon_Login_008

24-01-2024T21:19:36 - [TEST_STEP][PASSED] - click(findTestObject("Object Repository/Amazon_SAT_Login_searchitem_OR/Page_Amazon.com. Spend less. Smile more/span_Hello, sign in")): Object: 'Object Repository/Amazon_SAT_Login_searchitem_OR/Page_Amazon.com. Spend less. Smile more/span_Hello, sign in' is clicked on

24-01-2024T21:19:44 - [MESSAGE][PASSED] - Object: 'Object Repository/Amazon_SAT_Login_searchitem_OR/Page_Amazon.com. Spend less. Smile more/span_Hello, sign in' is clicked on

24-01-2024T21:19:44 - [TEST_STEP][PASSED] - setText(findTestObject("Object Repository/Amazon_SAT_Login_searchitem_OR/Page_Amazon Sign-In/input_email"), "bhritik39@gmail.com"): Text 'bhritik39@gmail.com' is set on object 'Object Repository/Amazon_SAT_Login_searchitem_OR/Page_Amazon Sign-In/input_email'

24-01-2024T21:19:45 - [MESSAGE][PASSED] - Text 'bhritik39@gmail.com' is set on object 'Object Repository/Amazon_SAT_Login_searchitem_OR/Page_Amazon Sign-In/input_email'

24-01-2024T21:19:45 - [TEST_STEP][PASSED] - click(findTestObject("Object Repository/Amazon_SAT_Login_searchitem_OR/Page_Amazon Sign-In/inputcontinue")): Object: 'Object Repository/Amazon_SAT_Login_searchitem_OR/Page_Amazon Sign-In/inputcontinue' is clicked on

24-01-2024T21:19:52 - [MESSAGE][PASSED] - Object: 'Object Repository/Amazon_SAT_Login_searchitem_OR/Page_Amazon Sign-In/inputcontinue' is clicked on

24-01-2024T21:19:52 - [TEST_STEP][PASSED] - setEncryptedText(findTestObject("Object Repository/Amazon_SAT_Login_searchitem_OR/Page_Amazon Sign-In/input_password"), "aeHFOx8jV/A="): Text ****** has been set on object 'Object Repository/Amazon_SAT_Login_searchitem_OR/Page_Amazon Sign-In/input_password'

24-01-2024T21:19:52 - [MESSAGE][PASSED] - Text ****** has been set on object 'Object Repository/Amazon_SAT_Login_searchitem_OR/Page_Amazon Sign-In/input_password'

24-01-2024T21:19:52 - [TEST_STEP][PASSED] - click(findTestObject("Object Repository/Amazon_SAT_Login_searchitem_OR/Page_Amazon Sign-In/inputsignInSubmit")): Object: 'Object Repository/Amazon_SAT_Login_searchitem_OR/Page_Amazon Sign-In/inputsignInSubmit' is clicked on

24-01-2024T21:19:53 - [MESSAGE][PASSED] - Object: 'Object Repository/Amazon_SAT_Login_searchitem_OR/Page_Amazon Sign-In/inputsignInSubmit' is clicked on]]></system-out>
         <system-err><![CDATA[]]></system-err>
      </testcase>
      <testcase name="Test Cases/TC_Amazon_SearchItem_008" time="27.028" classname="Test Cases/TC_Amazon_SearchItem_008" status="PASSED">
         <system-out><![CDATA[24-01-2024T21:19:53 - [TEST_CASE][PASSED] - Test Cases/TC_Amazon_SearchItem_008: Test Cases/TC_Amazon_SearchItem_008

24-01-2024T21:19:53 - [TEST_STEP][PASSED] - selectOptionByValue(findTestObject("Object Repository/Amazon_SAT_Login_searchitem_OR/Page_Amazon.com. Spend less. Smile more/select_All Departments        Arts  Crafts _135c92"), "search-alias=computers-intl-ship", true): All options with value 'search-alias=computers-intl-ship' are selected in object 'Object Repository/Amazon_SAT_Login_searchitem_OR/Page_Amazon.com. Spend less. Smile more/select_All Departments        Arts  Crafts _135c92'  using regular expression

24-01-2024T21:20:07 - [MESSAGE][PASSED] - All options with value 'search-alias=computers-intl-ship' are selected in object 'Object Repository/Amazon_SAT_Login_searchitem_OR/Page_Amazon.com. Spend less. Smile more/select_All Departments        Arts  Crafts _135c92'  using regular expression

24-01-2024T21:20:07 - [TEST_STEP][PASSED] - setText(findTestObject("Object Repository/Amazon_SAT_Login_searchitem_OR/Page_Amazon.com. Spend less. Smile more/input_field-keywords"), "Hp"): Text 'Hp' is set on object 'Object Repository/Amazon_SAT_Login_searchitem_OR/Page_Amazon.com. Spend less. Smile more/input_field-keywords'

24-01-2024T21:20:09 - [MESSAGE][PASSED] - Text 'Hp' is set on object 'Object Repository/Amazon_SAT_Login_searchitem_OR/Page_Amazon.com. Spend less. Smile more/input_field-keywords'

24-01-2024T21:20:09 - [TEST_STEP][PASSED] - click(findTestObject("Object Repository/Amazon_SAT_Login_searchitem_OR/Page_Amazon.com. Spend less. Smile more/inputnav-search-submit-button")): Object: 'Object Repository/Amazon_SAT_Login_searchitem_OR/Page_Amazon.com. Spend less. Smile more/inputnav-search-submit-button' is clicked on

24-01-2024T21:20:20 - [MESSAGE][PASSED] - Object: 'Object Repository/Amazon_SAT_Login_searchitem_OR/Page_Amazon.com. Spend less. Smile more/inputnav-search-submit-button' is clicked on]]></system-out>
         <system-err><![CDATA[]]></system-err>
      </testcase>
      <system-out><![CDATA[24-01-2024T21:19:19 - [TEST_SUITE][PASSED] - Amazon_Setup_Teardown_TS: Test Cases/TC_Amazon_SearchItem_008]]></system-out>
      <system-err><![CDATA[]]></system-err>
   </testsuite>
</testsuites>
