<?xml version="1.0" encoding="UTF-8"?>
<testsuites name="Amazon_Registration_TS" time="21.786" tests="1" failures="0" errors="0">
   <testsuite name="Amazon_Registration_TS" tests="1" failures="0" errors="0" time="21.786" skipped="0" timestamp="24-01-2024T20:44:40" hostname="hriti - HRITIK" id="Test Suites/Amazon_Registration_TS">
      <properties>
         <property name="deviceName" value=""/>
         <property name="devicePlatform" value=""/>
         <property name="logFolder" value="C:\\Users\\hriti\\Katalon Studio\\Amazon_Application_testing\\Reports\\20240124_204225\\Amazon_Registration_TS\\20240124_204226"/>
         <property name="logFiles" value="C:\\Users\\hriti\\Katalon Studio\\Amazon_Application_testing\\Reports\\20240124_204225\\Amazon_Registration_TS\\20240124_204226\\execution0.log"/>
         <property name="attachments" value=""/>
         <property name="hostName" value="hriti - HRITIK"/>
         <property name="os" value="Windows 11 64bit"/>
         <property name="katalonVersion" value="9.2.0.212"/>
         <property name="browser" value="Chrome 121.0.0.0"/>
         <property name="hostAddress" value="192.168.43.126"/>
         <property name="sessionId" value="1edb7740221c27ec23a81952a4af3ac5"/>
         <property name="seleniumVersion" value="3.141.59"/>
         <property name="proxyInformation" value="ProxyInformation { proxyOption=NO_PROXY, proxyServerType=HTTP, username=, password=********, proxyServerAddress=, proxyServerPort=0, executionList=&quot;&quot;, isApplyToDesiredCapabilities=true }"/>
         <property name="platform" value="Windows 11"/>
      </properties>
      <testcase name="Test Cases/TC_Amazon_Registration_005" time="21.638" classname="Test Cases/TC_Amazon_Registration_005" status="PASSED">
         <system-out><![CDATA[24-01-2024T20:44:41 - [TEST_CASE][PASSED] - Test Cases/TC_Amazon_Registration_005: Test Cases/TC_Amazon_Registration_005

24-01-2024T20:44:41 - [TEST_STEP][PASSED] - openBrowser(""): Browser is opened with url: ''

24-01-2024T20:44:41 - [MESSAGE][INFO] - Starting 'Chrome' driver

24-01-2024T20:44:41 - [MESSAGE][INFO] - Action delay is set to 0 milliseconds

24-01-2024T20:44:42 - [MESSAGE][PASSED] - Browser is opened with url: ''

24-01-2024T20:44:42 - [TEST_STEP][PASSED] - navigateToUrl("https://www.amazon.com/"): Navigate to 'https://www.amazon.com/' successfully

24-01-2024T20:44:50 - [MESSAGE][PASSED] - Navigate to 'https://www.amazon.com/' successfully

24-01-2024T20:44:50 - [TEST_STEP][PASSED] - click(findTestObject("Object Repository/Amazon_Registration_OR/Page_Amazon.com. Spend less. Smile more/span_Hello, sign in")): Object: 'Object Repository/Amazon_Registration_OR/Page_Amazon.com. Spend less. Smile more/span_Hello, sign in' is clicked on

24-01-2024T20:44:55 - [MESSAGE][PASSED] - Object: 'Object Repository/Amazon_Registration_OR/Page_Amazon.com. Spend less. Smile more/span_Hello, sign in' is clicked on

24-01-2024T20:44:55 - [TEST_STEP][PASSED] - click(findTestObject("Object Repository/Amazon_Registration_OR/Page_Amazon Sign-In/a_Create your Amazon account")): Object: 'Object Repository/Amazon_Registration_OR/Page_Amazon Sign-In/a_Create your Amazon account' is clicked on

24-01-2024T20:44:57 - [MESSAGE][PASSED] - Object: 'Object Repository/Amazon_Registration_OR/Page_Amazon Sign-In/a_Create your Amazon account' is clicked on

24-01-2024T20:44:57 - [TEST_STEP][PASSED] - setText(findTestObject("Object Repository/Amazon_Registration_OR/Page_Amazon Registration/input_customerName"), "Rohan"): Text 'Rohan' is set on object 'Object Repository/Amazon_Registration_OR/Page_Amazon Registration/input_customerName'

24-01-2024T20:44:59 - [MESSAGE][PASSED] - Text 'Rohan' is set on object 'Object Repository/Amazon_Registration_OR/Page_Amazon Registration/input_customerName'

24-01-2024T20:44:59 - [TEST_STEP][PASSED] - setText(findTestObject("Object Repository/Amazon_Registration_OR/Page_Amazon Registration/input_email"), "kotar91449@trackden.com"): Text 'kotar91449@trackden.com' is set on object 'Object Repository/Amazon_Registration_OR/Page_Amazon Registration/input_email'

24-01-2024T20:44:59 - [MESSAGE][PASSED] - Text 'kotar91449@trackden.com' is set on object 'Object Repository/Amazon_Registration_OR/Page_Amazon Registration/input_email'

24-01-2024T20:44:59 - [TEST_STEP][PASSED] - setEncryptedText(findTestObject("Object Repository/Amazon_Registration_OR/Page_Amazon Registration/input_password"), "aeHFOx8jV/A="): Text ****** has been set on object 'Object Repository/Amazon_Registration_OR/Page_Amazon Registration/input_password'

24-01-2024T20:45:00 - [MESSAGE][PASSED] - Text ****** has been set on object 'Object Repository/Amazon_Registration_OR/Page_Amazon Registration/input_password'

24-01-2024T20:45:00 - [TEST_STEP][PASSED] - setEncryptedText(findTestObject("Object Repository/Amazon_Registration_OR/Page_Amazon Registration/input_passwordCheck"), "aeHFOx8jV/A="): Text ****** has been set on object 'Object Repository/Amazon_Registration_OR/Page_Amazon Registration/input_passwordCheck'

24-01-2024T20:45:00 - [MESSAGE][PASSED] - Text ****** has been set on object 'Object Repository/Amazon_Registration_OR/Page_Amazon Registration/input_passwordCheck'

24-01-2024T20:45:00 - [TEST_STEP][PASSED] - click(findTestObject("Object Repository/Amazon_Registration_OR/Page_Amazon Registration/inputcontinue")): Object: 'Object Repository/Amazon_Registration_OR/Page_Amazon Registration/inputcontinue' is clicked on

24-01-2024T20:45:02 - [MESSAGE][PASSED] - Object: 'Object Repository/Amazon_Registration_OR/Page_Amazon Registration/inputcontinue' is clicked on

24-01-2024T20:45:02 - [TEST_STEP][PASSED] - closeBrowser(): Browser is closed

24-01-2024T20:45:02 - [MESSAGE][PASSED] - Browser is closed]]></system-out>
         <system-err><![CDATA[]]></system-err>
      </testcase>
      <system-out><![CDATA[24-01-2024T20:44:40 - [TEST_SUITE][PASSED] - Amazon_Registration_TS: Test Cases/TC_Amazon_Registration_005]]></system-out>
      <system-err><![CDATA[]]></system-err>
   </testsuite>
</testsuites>
