<?xml version="1.0" encoding="UTF-8"?>
<testsuites name="Amazon_Login_TS_2" time="47.224" tests="2" failures="0" errors="0">
   <testsuite name="Amazon_Login_TS_2" tests="2" failures="0" errors="0" time="47.224" skipped="0" timestamp="24-01-2024T19:43:07" hostname="hriti - HRITIK" id="Test Suites/Amazon_Login_TS_2">
      <properties>
         <property name="deviceName" value=""/>
         <property name="devicePlatform" value=""/>
         <property name="logFolder" value="C:\\Users\\hriti\\Katalon Studio\\Amazon_Application_testing\\Reports\\20240124_194257\\Amazon_Login_TS_2\\20240124_194257"/>
         <property name="logFiles" value="C:\\Users\\hriti\\Katalon Studio\\Amazon_Application_testing\\Reports\\20240124_194257\\Amazon_Login_TS_2\\20240124_194257\\execution0.log"/>
         <property name="attachments" value=""/>
         <property name="hostName" value="hriti - HRITIK"/>
         <property name="os" value="Windows 11 64bit"/>
         <property name="katalonVersion" value="9.2.0.212"/>
         <property name="browser" value="Chrome 121.0.0.0"/>
         <property name="hostAddress" value="192.168.60.20"/>
         <property name="sessionId" value="62ff7bc1948a83ed2ae2478f5cb261a8"/>
         <property name="seleniumVersion" value="3.141.59"/>
         <property name="proxyInformation" value="ProxyInformation { proxyOption=NO_PROXY, proxyServerType=HTTP, username=, password=********, proxyServerAddress=, proxyServerPort=0, executionList=&quot;&quot;, isApplyToDesiredCapabilities=true }"/>
         <property name="platform" value="Windows 11"/>
      </properties>
      <testcase name="Test Cases/TC_Amazon_Login_002" time="24.976" classname="Test Cases/TC_Amazon_Login_002" status="PASSED">
         <system-out><![CDATA[24-01-2024T19:43:07 - [TEST_CASE][PASSED] - Test Cases/TC_Amazon_Login_002: Test Cases/TC_Amazon_Login_002

24-01-2024T19:43:08 - [TEST_STEP][PASSED] - openBrowser(""): Browser is opened with url: ''

24-01-2024T19:43:09 - [MESSAGE][INFO] - Starting 'Chrome' driver

24-01-2024T19:43:09 - [MESSAGE][INFO] - Action delay is set to 0 milliseconds

24-01-2024T19:43:11 - [MESSAGE][PASSED] - Browser is opened with url: ''

24-01-2024T19:43:11 - [TEST_STEP][PASSED] - navigateToUrl("https://www.amazon.com/"): Navigate to 'https://www.amazon.com/' successfully

24-01-2024T19:43:20 - [MESSAGE][PASSED] - Navigate to 'https://www.amazon.com/' successfully

24-01-2024T19:43:20 - [TEST_STEP][PASSED] - click(findTestObject("Object Repository/Amazon_Login_data_DrivenTest_OR/Page_Amazon.com. Spend less. Smile more/span_Hello, sign in")): Object: 'Object Repository/Amazon_Login_data_DrivenTest_OR/Page_Amazon.com. Spend less. Smile more/span_Hello, sign in' is clicked on

24-01-2024T19:43:26 - [MESSAGE][PASSED] - Object: 'Object Repository/Amazon_Login_data_DrivenTest_OR/Page_Amazon.com. Spend less. Smile more/span_Hello, sign in' is clicked on

24-01-2024T19:43:26 - [TEST_STEP][PASSED] - setText(findTestObject("Object Repository/Amazon_Login_data_DrivenTest_OR/Page_Amazon Sign-In/input_email"), Email): Text 'bhritik39@gmail.com' is set on object 'Object Repository/Amazon_Login_data_DrivenTest_OR/Page_Amazon Sign-In/input_email'

24-01-2024T19:43:28 - [MESSAGE][PASSED] - Text 'bhritik39@gmail.com' is set on object 'Object Repository/Amazon_Login_data_DrivenTest_OR/Page_Amazon Sign-In/input_email'

24-01-2024T19:43:28 - [TEST_STEP][PASSED] - click(findTestObject("Object Repository/Amazon_Login_data_DrivenTest_OR/Page_Amazon Sign-In/inputcontinue")): Object: 'Object Repository/Amazon_Login_data_DrivenTest_OR/Page_Amazon Sign-In/inputcontinue' is clicked on

24-01-2024T19:43:31 - [MESSAGE][PASSED] - Object: 'Object Repository/Amazon_Login_data_DrivenTest_OR/Page_Amazon Sign-In/inputcontinue' is clicked on

24-01-2024T19:43:31 - [TEST_STEP][PASSED] - setEncryptedText(findTestObject("Object Repository/Amazon_Login_data_DrivenTest_OR/Page_Amazon Sign-In/input_password"), Password): Text ****** has been set on object 'Object Repository/Amazon_Login_data_DrivenTest_OR/Page_Amazon Sign-In/input_password'

24-01-2024T19:43:32 - [MESSAGE][PASSED] - Text ****** has been set on object 'Object Repository/Amazon_Login_data_DrivenTest_OR/Page_Amazon Sign-In/input_password'

24-01-2024T19:43:32 - [TEST_STEP][PASSED] - click(findTestObject("Object Repository/Amazon_Login_data_DrivenTest_OR/Page_Amazon Sign-In/inputsignInSubmit")): Object: 'Object Repository/Amazon_Login_data_DrivenTest_OR/Page_Amazon Sign-In/inputsignInSubmit' is clicked on

24-01-2024T19:43:32 - [MESSAGE][PASSED] - Object: 'Object Repository/Amazon_Login_data_DrivenTest_OR/Page_Amazon Sign-In/inputsignInSubmit' is clicked on

24-01-2024T19:43:32 - [TEST_STEP][PASSED] - closeBrowser(): Browser is closed

24-01-2024T19:43:32 - [MESSAGE][PASSED] - Browser is closed]]></system-out>
         <system-err><![CDATA[]]></system-err>
      </testcase>
      <testcase name="Test Cases/TC_Amazon_Login_002" time="21.755" classname="Test Cases/TC_Amazon_Login_002" status="PASSED">
         <system-out><![CDATA[24-01-2024T19:43:32 - [TEST_CASE][PASSED] - Test Cases/TC_Amazon_Login_002: Test Cases/TC_Amazon_Login_002

24-01-2024T19:43:33 - [TEST_STEP][PASSED] - openBrowser(""): Browser is opened with url: ''

24-01-2024T19:43:33 - [MESSAGE][INFO] - Starting 'Chrome' driver

24-01-2024T19:43:33 - [MESSAGE][INFO] - Action delay is set to 0 milliseconds

24-01-2024T19:43:33 - [MESSAGE][PASSED] - Browser is opened with url: ''

24-01-2024T19:43:33 - [TEST_STEP][PASSED] - navigateToUrl("https://www.amazon.com/"): Navigate to 'https://www.amazon.com/' successfully

24-01-2024T19:43:43 - [MESSAGE][PASSED] - Navigate to 'https://www.amazon.com/' successfully

24-01-2024T19:43:43 - [TEST_STEP][PASSED] - click(findTestObject("Object Repository/Amazon_Login_data_DrivenTest_OR/Page_Amazon.com. Spend less. Smile more/span_Hello, sign in")): Object: 'Object Repository/Amazon_Login_data_DrivenTest_OR/Page_Amazon.com. Spend less. Smile more/span_Hello, sign in' is clicked on

24-01-2024T19:43:48 - [MESSAGE][PASSED] - Object: 'Object Repository/Amazon_Login_data_DrivenTest_OR/Page_Amazon.com. Spend less. Smile more/span_Hello, sign in' is clicked on

24-01-2024T19:43:48 - [TEST_STEP][PASSED] - setText(findTestObject("Object Repository/Amazon_Login_data_DrivenTest_OR/Page_Amazon Sign-In/input_email"), Email): Text 'hritik7042@gmail.com' is set on object 'Object Repository/Amazon_Login_data_DrivenTest_OR/Page_Amazon Sign-In/input_email'

24-01-2024T19:43:50 - [MESSAGE][PASSED] - Text 'hritik7042@gmail.com' is set on object 'Object Repository/Amazon_Login_data_DrivenTest_OR/Page_Amazon Sign-In/input_email'

24-01-2024T19:43:50 - [TEST_STEP][PASSED] - click(findTestObject("Object Repository/Amazon_Login_data_DrivenTest_OR/Page_Amazon Sign-In/inputcontinue")): Object: 'Object Repository/Amazon_Login_data_DrivenTest_OR/Page_Amazon Sign-In/inputcontinue' is clicked on

24-01-2024T19:43:53 - [MESSAGE][PASSED] - Object: 'Object Repository/Amazon_Login_data_DrivenTest_OR/Page_Amazon Sign-In/inputcontinue' is clicked on

24-01-2024T19:43:53 - [TEST_STEP][PASSED] - setEncryptedText(findTestObject("Object Repository/Amazon_Login_data_DrivenTest_OR/Page_Amazon Sign-In/input_password"), Password): Text ****** has been set on object 'Object Repository/Amazon_Login_data_DrivenTest_OR/Page_Amazon Sign-In/input_password'

24-01-2024T19:43:53 - [MESSAGE][PASSED] - Text ****** has been set on object 'Object Repository/Amazon_Login_data_DrivenTest_OR/Page_Amazon Sign-In/input_password'

24-01-2024T19:43:53 - [TEST_STEP][PASSED] - click(findTestObject("Object Repository/Amazon_Login_data_DrivenTest_OR/Page_Amazon Sign-In/inputsignInSubmit")): Object: 'Object Repository/Amazon_Login_data_DrivenTest_OR/Page_Amazon Sign-In/inputsignInSubmit' is clicked on

24-01-2024T19:43:54 - [MESSAGE][PASSED] - Object: 'Object Repository/Amazon_Login_data_DrivenTest_OR/Page_Amazon Sign-In/inputsignInSubmit' is clicked on

24-01-2024T19:43:54 - [TEST_STEP][PASSED] - closeBrowser(): Browser is closed

24-01-2024T19:43:54 - [MESSAGE][PASSED] - Browser is closed]]></system-out>
         <system-err><![CDATA[]]></system-err>
      </testcase>
      <system-out><![CDATA[24-01-2024T19:43:07 - [TEST_SUITE][PASSED] - Amazon_Login_TS_2: Test Cases/TC_Amazon_Login_002]]></system-out>
      <system-err><![CDATA[]]></system-err>
   </testsuite>
</testsuites>
