<?xml version="1.0" encoding="UTF-8"?>
<testsuites name="Amazon_Cart_List_TS" time="45.09" tests="1" failures="0" errors="0">
   <testsuite name="Amazon_Cart_List_TS" tests="1" failures="0" errors="0" time="45.09" skipped="0" timestamp="24-01-2024T21:02:54" hostname="hriti - HRITIK" id="Test Suites/Amazon_Cart_List_TS">
      <properties>
         <property name="deviceName" value=""/>
         <property name="devicePlatform" value=""/>
         <property name="logFolder" value="C:\\Users\\hriti\\Katalon Studio\\Amazon_Application_testing\\Reports\\20240124_210039\\Amazon_Cart_List_TS\\20240124_210040"/>
         <property name="logFiles" value="C:\\Users\\hriti\\Katalon Studio\\Amazon_Application_testing\\Reports\\20240124_210039\\Amazon_Cart_List_TS\\20240124_210040\\execution0.log"/>
         <property name="attachments" value=""/>
         <property name="hostName" value="hriti - HRITIK"/>
         <property name="os" value="Windows 11 64bit"/>
         <property name="katalonVersion" value="9.2.0.212"/>
         <property name="browser" value="Chrome 121.0.0.0"/>
         <property name="hostAddress" value="192.168.43.126"/>
         <property name="sessionId" value="925ef87ed21b1f98342f3f61b23631e7"/>
         <property name="seleniumVersion" value="3.141.59"/>
         <property name="proxyInformation" value="ProxyInformation { proxyOption=NO_PROXY, proxyServerType=HTTP, username=, password=********, proxyServerAddress=, proxyServerPort=0, executionList=&quot;&quot;, isApplyToDesiredCapabilities=true }"/>
         <property name="platform" value="Windows 11"/>
      </properties>
      <testcase name="Test Cases/TC_Amazon_Cart_List_006" time="44.951" classname="Test Cases/TC_Amazon_Cart_List_006" status="PASSED">
         <system-out><![CDATA[24-01-2024T21:02:54 - [TEST_CASE][PASSED] - Test Cases/TC_Amazon_Cart_List_006: Test Cases/TC_Amazon_Cart_List_006

24-01-2024T21:02:54 - [TEST_STEP][PASSED] - openBrowser(""): Browser is opened with url: ''

24-01-2024T21:02:54 - [MESSAGE][INFO] - Starting 'Chrome' driver

24-01-2024T21:02:54 - [MESSAGE][INFO] - Action delay is set to 0 milliseconds

24-01-2024T21:02:56 - [MESSAGE][PASSED] - Browser is opened with url: ''

24-01-2024T21:02:56 - [TEST_STEP][PASSED] - navigateToUrl("https://www.amazon.com/"): Navigate to 'https://www.amazon.com/' successfully

24-01-2024T21:03:10 - [MESSAGE][PASSED] - Navigate to 'https://www.amazon.com/' successfully

24-01-2024T21:03:10 - [TEST_STEP][PASSED] - click(findTestObject("Object Repository/Amazon_Cart_List_OR/Page_Amazon.com. Spend less. Smile more/span_Hello, sign in")): Object: 'Object Repository/Amazon_Cart_List_OR/Page_Amazon.com. Spend less. Smile more/span_Hello, sign in' is clicked on

24-01-2024T21:03:15 - [MESSAGE][PASSED] - Object: 'Object Repository/Amazon_Cart_List_OR/Page_Amazon.com. Spend less. Smile more/span_Hello, sign in' is clicked on

24-01-2024T21:03:15 - [TEST_STEP][PASSED] - setText(findTestObject("Object Repository/Amazon_Cart_List_OR/Page_Amazon Sign-In/input_email"), "bhritik39@gmail.com"): Text 'bhritik39@gmail.com' is set on object 'Object Repository/Amazon_Cart_List_OR/Page_Amazon Sign-In/input_email'

24-01-2024T21:03:16 - [MESSAGE][PASSED] - Text 'bhritik39@gmail.com' is set on object 'Object Repository/Amazon_Cart_List_OR/Page_Amazon Sign-In/input_email'

24-01-2024T21:03:16 - [TEST_STEP][PASSED] - click(findTestObject("Object Repository/Amazon_Cart_List_OR/Page_Amazon Sign-In/inputcontinue")): Object: 'Object Repository/Amazon_Cart_List_OR/Page_Amazon Sign-In/inputcontinue' is clicked on

24-01-2024T21:03:19 - [MESSAGE][PASSED] - Object: 'Object Repository/Amazon_Cart_List_OR/Page_Amazon Sign-In/inputcontinue' is clicked on

24-01-2024T21:03:19 - [TEST_STEP][PASSED] - setEncryptedText(findTestObject("Object Repository/Amazon_Cart_List_OR/Page_Amazon Sign-In/input_password"), "aeHFOx8jV/A="): Text ****** has been set on object 'Object Repository/Amazon_Cart_List_OR/Page_Amazon Sign-In/input_password'

24-01-2024T21:03:20 - [MESSAGE][PASSED] - Text ****** has been set on object 'Object Repository/Amazon_Cart_List_OR/Page_Amazon Sign-In/input_password'

24-01-2024T21:03:20 - [TEST_STEP][PASSED] - click(findTestObject("Object Repository/Amazon_Cart_List_OR/Page_Amazon Sign-In/inputsignInSubmit")): Object: 'Object Repository/Amazon_Cart_List_OR/Page_Amazon Sign-In/inputsignInSubmit' is clicked on

24-01-2024T21:03:20 - [MESSAGE][PASSED] - Object: 'Object Repository/Amazon_Cart_List_OR/Page_Amazon Sign-In/inputsignInSubmit' is clicked on

24-01-2024T21:03:20 - [TEST_STEP][PASSED] - click(findTestObject("Object Repository/Amazon_Cart_List_OR/Page_Amazon.com. Spend less. Smile more/span_7")): Object: 'Object Repository/Amazon_Cart_List_OR/Page_Amazon.com. Spend less. Smile more/span_7' is clicked on

24-01-2024T21:03:34 - [MESSAGE][PASSED] - Object: 'Object Repository/Amazon_Cart_List_OR/Page_Amazon.com. Spend less. Smile more/span_7' is clicked on

24-01-2024T21:03:34 - [TEST_STEP][PASSED] - click(findTestObject("Object Repository/Amazon_Cart_List_OR/Page_Amazon.com Shopping Cart/span_Qty5")): Object: 'Object Repository/Amazon_Cart_List_OR/Page_Amazon.com Shopping Cart/span_Qty5' is clicked on

24-01-2024T21:03:35 - [MESSAGE][PASSED] - Object: 'Object Repository/Amazon_Cart_List_OR/Page_Amazon.com Shopping Cart/span_Qty5' is clicked on

24-01-2024T21:03:35 - [TEST_STEP][PASSED] - click(findTestObject("Object Repository/Amazon_Cart_List_OR/Page_Amazon.com Shopping Cart/a_5")): Object: 'Object Repository/Amazon_Cart_List_OR/Page_Amazon.com Shopping Cart/a_5' is clicked on

24-01-2024T21:03:36 - [MESSAGE][PASSED] - Object: 'Object Repository/Amazon_Cart_List_OR/Page_Amazon.com Shopping Cart/a_5' is clicked on

24-01-2024T21:03:36 - [TEST_STEP][PASSED] - click(findTestObject("Object Repository/Amazon_Cart_List_OR/Page_Amazon.com Shopping Cart/span_Qty1")): Object: 'Object Repository/Amazon_Cart_List_OR/Page_Amazon.com Shopping Cart/span_Qty1' is clicked on

24-01-2024T21:03:38 - [MESSAGE][PASSED] - Object: 'Object Repository/Amazon_Cart_List_OR/Page_Amazon.com Shopping Cart/span_Qty1' is clicked on

24-01-2024T21:03:38 - [TEST_STEP][PASSED] - click(findTestObject("Object Repository/Amazon_Cart_List_OR/Page_Amazon.com Shopping Cart/a_0 (Delete)")): Object: 'Object Repository/Amazon_Cart_List_OR/Page_Amazon.com Shopping Cart/a_0 (Delete)' is clicked on

24-01-2024T21:03:39 - [MESSAGE][PASSED] - Object: 'Object Repository/Amazon_Cart_List_OR/Page_Amazon.com Shopping Cart/a_0 (Delete)' is clicked on

24-01-2024T21:03:39 - [TEST_STEP][PASSED] - closeBrowser(): Browser is closed

24-01-2024T21:03:39 - [MESSAGE][PASSED] - Browser is closed]]></system-out>
         <system-err><![CDATA[]]></system-err>
      </testcase>
      <system-out><![CDATA[24-01-2024T21:02:54 - [TEST_SUITE][PASSED] - Amazon_Cart_List_TS: Test Cases/TC_Amazon_Cart_List_006]]></system-out>
      <system-err><![CDATA[]]></system-err>
   </testsuite>
</testsuites>
